[  0.000000] Initiaizng coususyscpet
[    0.000000] Initializing cgroup subsys cpu
[    0.000000] Initilingcgrou sbs cpuacct
[    0.000000] Linux version 4.4.0-103-generic (buildd@lcy01-amd64-001) (gcc version 5.4.0 20160609 (Ubuntu 5.4.0-6uuntu1~6.4.5) ) #126-Ubunu P Mon D 4 16:23:28 UTC 201 (butu .4-1.126-enic4..98)  0.000000] Command line: BOOT_IMAGE=/boot/vmlinuz-4.4.0-103-generic root=LABEL=cloudimg-rootfs ro console=tty1 console=ttyS0
[    0.000000] KERELuported cpus:
[    0.000000]   Intel GenuineInel[   0.000]  AMAuenicAMD
[  000000]  CetauCetarHls
[   .000000]86pu: xsteofset[]:57, statesis[:  256
   000000] 86/fpu Spoting XSAV fture 0x01: 'x87 floatinpointegtes'
[   00000] x8fpu: uporting XSAVE featrex0: 'SE regite'[    0.000000] x86/fpu: Supporting XSAVE feature 0x04: 'VXegiters'
[   .0000] 86puEnabl xat feaure0x, cntet izis 8 bes usig tadard' ort.
[    0.000000] x86/fp: in'lazy' FPU context switches.
[    0.000000] e820: BIOS-provided physical RAM map:
[   00000]BIOS-e820: [mem 0x00000000000000-00000000009fbf] usle
[    0.000000] BIOS-e820: [mem 0x000000000009fc00-x000000009ffff] reserved
[   0.00000 BS-e20: [mem 0x00000000000f000x00000000000fffff] reserved
[   .00000BIS-e80:me 0x0000000010000-0x0000000feff usable
[  00000]BI-e20: [mem 0x0000000ff00-0000003fffffff] ACPIda
   0.00000]IOe820: [mem 0x00000000fec00000-0x00000000fec00fff] reserved
[    0.00000] OS-e820: [mem 0x00000000fee00000-0x00000000fe00fff] reserved
[    0.000000] BIOS-e820: [mem 0x00000000fffc0000-0x0000000ffff] eseve
[    0.000000] NX (Execute Disable) protection: active
[   .000000 SIOS 2.5 present.
[    0.000000] Hypervisor detected: KVM
[    0.000000] e820: last_fn= 0x3ffmaarch_fn 0000000
[   000000 MR:Disabed[   0.0000x8/PAT: MTRs isabed skippi P iitialzaonoo.
   00000 C MRs all blank - irtualized system.
[    0.000000] x86/PA: onguraon0-]: WB  WT  UC- UC  WB  WT  UC- UC  
[   00000] foun SP MPabe at[mem x09ff00x09ff] mapped at [ffff88000009fff0]
[    0.000000] Scanning 1 areas for low memory corruption
[    0.000000] RAMDISK: [mem 0x36ade000-0x37566ff
   0.00000 AI: Early tbl cheks vificaonisbled
[    0.000000] ACPI: RSP 00000000000E0000 0024 (v02 VBOX  )
[    0.000000] ACPI: XSDT 0x0000000FF00 003 (1 OX   BOXXSDT 00001SL  00061
    0000 APIFA 0x000003F00F00F4(v0 VX VBOXFACP 00000001 ASL  00000061)
[    0.000000] ACPI: DSDT 0x000000003FFF0470 0021FF (v02 VBOX   VBOXBIOS 00000002 INTL 20100528)
[    0.000000] ACPI: FACS 0x000000003FFF0200 000040
[    0.000000] ACPI: FACS 0x000000003FFF0200 000040
[    0.000000] ACPI APIC 0x00003FFF40005C 02BO   VBOXAPIC 00000001 ASL  00000061)
[    0.000000] ACPI: SSDT 0x000000003FFF02A0 0001CC (v01 VBOX   VBOXCPUT 00000002 INTL 20100528)
[    0.000000] No NUMA configuration found
[    0.000000] Faking a node at [mem 0x0000000000000000-0x000000003ffeffff]
[    0.000000] NODE_DATA(0) allocated [mem 0x3ffeb000-0x3ffeffff]
[    0.000000] kvm-clock: Using msrs 4b564d01 and 4b564d00
[    0.000000] kvm-clock: cpu 0, msr 0:3ffe3001, imy pu clock
[    0.000000] kvm-clock: ungscheoffset of 3334905259 cycles
[    0.000000] clocoue:kvclk:mas 0ffffffffff ax_cycles: 0x1cd42e4dffb, max_idle_ns: 881590591483 ns
[    0.000000] Zone ranges:
[    0.000000]   DMA      [mem 0x0000000000001000-0x000000ffff
  0.000000  A32    [mem 0x000000000100000-0000000003ffeffff][   0.000000]   Normal   empty
[    0.000000]   Device   emy    00000Movae nestarfoeah de
[    0.000000] Ealymeory ndeans
[  .000000]   node   0: [mem 0x0000000000001000-0x000000000009efff]
[    0.000000]   node   0: [mem 0x0000000000100000-0x000000003ffeffff]
[    0.000000] Initmem setup node 0 [mem 0x0000000000001000-0x00000003feffff
[   000000] ACPI:PMimr IPo: 0x408
  0.0000] IOAPIC[0]: apic_id 2 vrsn 2, are 0fec000GS 0-23
[    0.000000] ACPI: INT_SRC_OVR (bus 0 bus_irq 0 global_irq 2 dfl dfl)
[    0.000000] ACPI: INT_SRC_OVR (bus 0 bus_irq 9 global_irq 9 low leve)   0.000000] Using ACPI (MADT) for SMP configuration information
[  00000] smpboot: Allowing 2 CPUs, 0 hotplug CPUs
[    0.000000] PM: Registered nosave memory: [mem 0x00000000-0x000ff]
[    0000]PM: gierd nove memory: [mem 0x0009f000-0x009fff]
[    0.000000] PM: Registered nosave memory: [mem 0x000a0000-0x000effff]
[    0.000000] PM: Registered nosave memory: [mem 0x000f0000-0x000fffff]
[    0.000000] e820: [mem 0x40000000-0xfebfffff] available for PCI devices
[    0.000000] Booting paravirtualized kernel on KVM
[    0.000000] clocksource: refined-jiffies: mask: 0xffffffff max_cycles: 0xffffffff, max_idle_ns: 7645519600211568 ns
[    0.000000] setup_percpu: NR_CPUS:512 nr_cpumask_bits:512 nr_cpu_ids:2 nr_node_ids:1
[    0.000000] PERCPU: Embedded 33 pages/cpu @ffff88003fc00000 s98200 r8192 d28776 u1048576
[    0.000000] PV qspinlock hash table entries: 256order: 0, 96bytes)
[   0.00] Built 1 zonelists in Node order, mobility grouping on.  Total pages: 257913
[    0.000000] Policy zone: DMA32
[    0.000000] Kernel commd ne BOT_AG/boot/vmlinuz-4.4.0-103-generic root=LABEL=cloudimg-rootfs ro console=tty1 cnsole=ty
[    0.00000] PID hash tblentries: 4096 (order: 3, 32768 bytes)
[    0.000000] Memory: 1001784K/1048120K available (8485K kernelcoe, 1295K rwdata, 3988K rodata, 1492 it, 1316K bss, 46336K reserved, 0K cma-serve)   0.0000 SB: Haln=, Order=0-3, MinObjects=0 Cs= Nodes1   0.0000 HrarchalCUimementin.
[    0.000000] 	Build-time adjustment of leaf fanout to 64.
[    0.000000] 	RCU restricting CPUs from NR_CPUS=512 to nr_cpu_ids=2.
[    0.000000]RCU:djting geet fr u_not_le=6 nrcpu_s=
[    .00000] NR_IRQS:33024nrrq:4406    0000000] Console: color GA+ 0x25
[    0.000000] console [tty1] enabled[  00000] nsle [ttyS0] enabled
[   00000] tsc: Detected 3491.916 MHz processor
[    8.341161] Calibrating delay loop (skipped) preset value.. 6983.83 BogoMIPS (lpj=13967664)
[    8.342392] pid_max: default: 32768 minimum: 301
[    8.426048] ACPI: Core revision 20150930
[    8.484856] ACPI: 2 ACPI AML tables successfully acquired and loaded
[    8.545867] Security Framework initialized
[    8.566378] Yama: becoming mindful.
[    8.625148] AppArmor: AppArmor initialized
[    8.675296] Dentry cache hash table entries: 131072 (order: 8, 1048576 bytes)
[    8.676344] Inode-cache hash table entries: 65536 (order: 7, 524288 bytes)
[    8.686644] Mount-cache hash table entries: 2048 (order: 2, 16384 bytes)
[    8.687512] Mountpoint-cache hash table entries: 2048 (order: 2, 16384 bytes)
[    8.710449] Initializing cgroup subsys io
[    8.711066] Initializing cgroup subsys memory
[    8.711702] Initializing cgroup subsys devices
[    8.712335] Initializing cgroup subsys freezer
[    8.769380] Initializing cgroup subsys net_cls
[    8.770035] Initializing cgroup subsys perf_event
[    8.770690] Initializing cgroup subsys net_prio
[    8.771329] Initializing cgroup subsys hugetlb
[    8.771956] Initializing cgroup subsys pids
[    8.772656] CPU: Physical Processor ID: 0
[    8.848817] CPU: Processor Core ID: 0
[    8.890729] mce: CPU supports 0 MCE banks
[    8.896899] Last level iTLB entries: 4KB 1024, 2MB 1024, 4MB 1024
[    8.936411] Last level dTLB entries: 4KB 1024, 2MB 1024, 4MB 1024, 1GB 4
[    9.003488] Freeing SMP alternatives memory: 32K
[    9.027527] ftrace: allocating 32158 entries in 126 pages
[    9.130868] smpboot: APIC(0) Converting physical 0 to logical package 0
[    9.157856] smpboot: Max logical packages: 1
[    9.185965] x2apic enabled
[    9.193642] Switched APIC routing to physical x2apic.
[    9.230040] ..TIMER: vector=0x30 apic1=0 pin1=2 apic2=-1 pin2=-1
[    9.404736] smpboot: CPU0: Intel(R) Core(TM) i5-4690K CPU @ 3.50GHz (family: 0x6, model: 0x3c, stepping: 0x3)
[    9.426215] Performance Events: unsupported p6 CPU model 60 no PMU driver, software events only.
[    9.536542] KVM setup paravirtual spinlock
[    9.542277] x86: Booting SMP configuration:
[    9.563242] .... node  #0, CPUs:      #1
[    9.588353] kvm-clock: cpu 1, msr 0:3ffe3041, secondary cpu clock
[    9.606934] mce: CPU supports 0 MCE banks
[    9.617615] x86: Booted up 1 node, 2 CPUs
[    9.636465] smpboot: Total of 2 processors activated (13967.66 BogoMIPS)
[    9.666456] devtmpfs: initialized
[    9.668145] evm: security.selinux
[    9.683625] evm: security.SMACK64
[    9.694107] evm: security.SMACK64EXEC
[    9.709555] evm: security.SMACK64TRANSMUTE
[    9.726136] evm: security.SMACK64MMAP
[    9.752457] evm: security.ima
[    9.762146] evm: security.capability
[    9.777402] clocksource: jiffies: mask: 0xffffffff max_cycles: 0xffffffff, max_idle_ns: 7645041785100000 ns
[    9.802834] futex hash table entries: 512 (order: 3, 32768 bytes)
[    9.811001] pinctrl core: initialized pinctrl subsystem
[    9.842379] RTC time: 12:14:40, date: 02/24/18
[    9.858998] NET: Registered protocol family 16
[    9.885640] cpuidle: using governor ladder
[    9.930108] cpuidle: using governor menu
[    9.938131] PCCT header not found.
[    9.958915] ACPI: bus type PCI registered
[    9.975887] acpiphp: ACPI Hot Plug PCI Controller Driver version: 0.5
[   10.032344] PCI: Using configuration type 1 for base access
[   10.045871] ACPI: Added _OSI(Module Device)
[   10.068611] ACPI: Added _OSI(Processor Device)
[   10.073671] ACPI: Added _OSI(3.0 _SCP Extensions)
[   10.086981] ACPI: Added _OSI(Processor Aggregator Device)
[   10.129917] ACPI: Executed 1 blocks of module-level executable AML code
[   10.153185] ACPI: Interpreter enabled
[   10.169322] ACPI: (supports S0 S5)
[   10.194882] ACPI: Using IOAPIC for interrupt routing
[   10.220273] PCI: Using host bridge windows from ACPI; if necessary, use "pci=nocrs" and report a bug
[   10.278524] ACPI: PCI Root Bridge [PCI0] (domain 0000 [bus 00-ff])
[   10.311470] acpi PNP0A03:00: _OSC: OS supports [ASPM ClockPM Segments MSI]
[   10.371741] acpi PNP0A03:00: _OSC: not requesting OS control; OS requires [ExtendedConfig ASPM ClockPM MSI]
[   10.373069] acpi PNP0A03:00: fail to add MMCONFIG information, can't access extended PCI configuration space under this bridge.
[   10.417669] PCI host bridge to bus 0000:00
[   10.440589] pci_bus 0000:00: root bus resource [io  0x0000-0x0cf7 window]
[   10.479874] pci_bus 0000:00: root bus resource [io  0x0d00-0xffff window]
[   10.499680] pci_bus 0000:00: root bus resource [mem 0x000a0000-0x000bffff window]
[   10.508386] pci_bus 0000:00: root bus resource [mem 0x40000000-0xfdffffff window]
[   10.509491] pci_bus 0000:00: root bus resource [bus 00-ff]
[   10.515075] pci 0000:00:01.1: legacy IDE quirk: reg 0x10: [io  0x01f0-0x01f7]
[   10.530205] pci 0000:00:01.1: legacy IDE quirk: reg 0x14: [io  0x03f6]
[   10.618311] pci 0000:00:01.1: legacy IDE quirk: reg 0x18: [io  0x0170-0x0177]
[   10.622987] pci 0000:00:01.1: legacy IDE quirk: reg 0x1c: [io  0x0376]
[   10.666196] pci 0000:00:07.0: quirk: [io  0x4000-0x403f] claimed by PIIX4 ACPI
[   10.715517] pci 0000:00:07.0: quirk: [io  0x4100-0x410f] claimed by PIIX4 SMB
[   10.783372] ACPI: PCI Interrupt Link [LNKA] (IRQs 5 9 10 *11)
[   10.832562] ACPI: PCI Interrupt Link [LNKB] (IRQs 5 9 *10 11)
[   10.886576] ACPI: PCI Interrupt Link [LNKC] (IRQs 5 *9 10 11)
[   10.904541] ACPI: PCI Interrupt Link [LNKD] (IRQs 5 9 10 *11)
[   10.943676] ACPI: Enabled 2 GPEs in block 00 to 07
[   11.001234] vgaarb: setting as boot device: PCI:0000:00:02.0
[   11.030005] vgaarb: device added: PCI:0000:00:02.0,decodes=io+mem,owns=io+mem,locks=none
[   11.057046] vgaarb: loaded
[   11.065057] vgaarb: bridge control possible 0000:00:02.0
[   11.098458] SCSI subsystem initialized
[   11.146214] ACPI: bus type USB registered
[   11.174682] usbcore: registered new interface driver usbfs
[   11.182486] usbcore: registered new interface driver hub
[   11.231369] usbcore: registered new device driver usb
[   11.256123] PCI: Using ACPI for IRQ routing
[   11.264470] NetLabel: Initializing
[   11.275829] NetLabel:  domain hash size = 128
[   11.276445] NetLabel:  protocols = UNLABELED CIPSOv4
[   11.277127] NetLabel:  unlabeled traffic allowed by default
[   11.278204] amd_nb: Cannot enumerate AMD northbridges
[   11.335259] clocksource: Switched to clocksource kvm-clock
[   1.398 AArorAprmor Filesystem Eable
[ 117050pnp: PnP ACPI init
[ 118445 pn P AI:ou 3deces
[   12.295215] clocksource: acpi_pm: mask: 0xffffff max_cycles: 0xffffff, max_idle_ns: 2085701024 ns
[   12.331326] NET: Registered protocol family 2
[   12.343153] TCP established hash table entries: 8192 (order: 4, 65536 bytes)
[   12.344089] TCP bind hash table entries: 8192 (order: 5, 131072 bytes)
[   12.344917] TCP: Hash tables configured (established 8192 bind 8192)
[   12.375008] UDP hash table entries: 512 (order: 2, 16384 bytes)
[   12.375782] UDP-Lite hash table entries: 512 (order: 2, 16384 bytes)
[   12.395583] NET: Registered protocol family 1
[   12.408605] pci 0000:00:00.0: Limiting direct PCI/PCI transfers
[   12.409401] pci 0000:00:01.0: Activating ISA DMA hang workarounds
[   12.446601] Unpacking initramfs...
[   13.960377] Freeing initrd memory: 10788K
[   13.998] PL PMU detected, API unit is 2^-32 Joules, 4fid ouers0737418240 ms ovfl me
[ 14629]w itf omain pp0-core 2^-0 Joules
[   14.656101] hw unit of domain package 2^-0 Joules
[   14.685276] hw unit of domain dram 2^-0 Joules
[   14.735767] hw unit of domain pp1-gpu 2^-0 Joules
[   14.763823] platform rtc_cmos: registered platform RTC device (no PNP device found)
[   1480509] Scani f low memory corruption every 60 seconds
[   14.976139] audit: initializing netlink subsys (disabled)
[   15.009704] audit: type=2000 audit(1519474479.254:1): initialized
[   15.035845] Initialise system trusted keyring
[   15.073147] HugeTLB registered 2 MB page size, pre-allocated 0 pages
[   15.124866] zbud: loaded
[   15.162501] VFS: Disk quotas dquot_6.6.
[ 15.21744 VF: uo-che hash tablenie 51 (order 0, 4096 bytes)
[   155850] squshf: rsion4. (2009011)hili Lgh
  6.53] c:Rein TSclksrccaibtion: 349130MH

[   16.648260] clocksource: tsc: mas: fffffffff x_cl: x3339ec65a, max_idle_ns: 440795257837 ns

[   16.648515] fuse init (API version 7.23)
[   16.648600] Key type big_key registered
[   16.648615] Allocating IMA MOK and blacklist keyrings.
[   16.648784] Key type asymmetric registered
[   16.648786] Asymmetric key parser 'x509' registered
[   16.648809] Block layer SCSI generic (bsg) driver version 0.4 loaded (major 249)
[   16.648830] io scheduler noop registered
[   16.648831] io scheduler deadline registered (default)
[   16.648861] io scheduler cfq registered
[   16.648955] pci_hotplug: PCI Hot Plug PCI Core version: 0.5
[   16.648959] pciehp: PCI Express Hot Plug Controller Driver version: 0.4
[   16.649055] ACPI: AC Adapter [AC] (on-line)
[   16.649089] input: Power Button as /devices/LNXSYSTM:00/LNXPWRBN:00/input/input0
[   16.649091] ACPI: Power Button [PWRF]
[   16.649137] input: Sleep Button as /devices/LNXSYSTM:00/LNXSLPBN:00/input/input1
[   16.649138] ACPI: Sleep Button [SLPF]
[   16.649231] GHES: HEST is not enabled!
[   16.649288] Serial: 8250/16550 driver, 32 ports, IRQ sharing enabled
[   17.076432] 00:02: ttyS0 at I/O 0x3f8 (irq = 4, base_baud = 115200) is a 16550A
[   17.083518] Linux agpgart interface v0.103
[   17.086927] loop: module loaded
[   17.087446] scsi host0: ata_piix
[   17.087486] scsi host1: ata_piix
[   17.087507] ata1: PATA max UDMA/33 cmd 0x1f0 ctl 0x3f6 bmdma 0xd000 irq 14
[   17.087508] ata2: PATA max UDMA/33 cmd 0x170 ctl 0x376 bmdma 0xd008 irq 15
[   17.087564] libphy: Fixed MDIO Bus: probed
[   17.087566] tun: Universal TUN/TAP device driver, 1.6
[   17.087566] tun: (C) 1999-2004 Max Krasnyansky <maxk@qualcomm.com>
[   17.087593] PPP generic driver version 2.4.2
[   17.087630] ehci_hcd: USB 2.0 'Enhanced' Host Controller (EHCI) Driver
[   17.087634] ehci-pci: EHCI PCI platform driver
[   17.087640] ehci-platform: EHCI generic platform driver
[   17.087645] ohci_hcd: USB 1.1 'Open' Host Controller (OHCI) Driver
[   17.087648] ohci-pci: OHCI PCI platform driver
[   17.087654] ohci-platform: OHCI generic platform driver
[   17.087659] uhci_hcd: USB Universal Host Controller Interface driver
[   17.087695] i8042: PNP: PS/2 Controller [PNP0303:PS2K,PNP0f03:PS2M] at 0x60,0x64 irq 1,12
[   17.088381] serio: i8042 KBD port at 0x60,0x64 irq 1
[   17.088384] serio: i8042 AUX port at 0x60,0x64 irq 12
[   17.088458] mousedev: PS/2 mouse device common for all mice
[   17.088663] rtc_cmos rtc_cmos: rtc core: registered rtc_cmos as rtc0
[   17.088702] rtc_cmos rtc_cmos: alarms up to one day, 114 bytes nvram
[   17.088706] i2c /dev entries driver
[   17.088740] device-mapper: uevent: version 1.0.3
[   17.088777] device-mapper: ioctl: 4.34.0-ioctl (2015-10-28) initialised: dm-devel@redhat.com
[   17.088802] ledtrig-cpu: registered to indicate activity on CPUs
[   17.089179] NET: Registered protocol family 10
[   17.089295] NET: Registered protocol family 17
[   17.089303] Key type dns_resolver registered
[   17.090529] microcode: CPU0 sig=0x306c3, pf=0x40, revision=0x0
[   17.090535] microcode: CPU1 sig=0x306c3, pf=0x40, revision=0x0
[   17.090572] microcode: Microcode Update Driver: v2.01 <tigran@aivazian.fsnet.co.uk>, Peter Oruba
[   17.090651] registered taskstats version 1
[   17.090664] Loading compiled-in X.509 certificates
[   17.091168] Loaded X.509 cert 'Build time autogenerated kernel key: 6495e09daeacef0cade9c1ea2246b74b6c79cd53'
[   17.091180] zswap: loaded using pool lzo/zbud
[   17.092255] Key type trusted registered
[   17.094545] Key type encrypted registered
[   17.094550] AppArmor: AppArmor sha1 policy hashing enabled
[   17.094552] ima: No TPM chip found, activating TPM-bypass!
[   17.094566] evm: HMAC attrs: 0x1
[   17.094776]   Magic number: 6:219:229
[   17.105799] rtc_cmos rtc_cmos: setting system clock to 2018-02-24 12:14:47 UTC (1519474487)
[   17.105909] BIOS EDD facility v0.16 2004-Jun-25, 0 devices found
[   17.105910] EDD information not available.
[   17.120139] input: AT Translated Set 2 keyboard as /devices/platform/i8042/serio0/input/input2
[   18.066050] Freeing unused kernel memory: 1492K
[   18.077597] Write protecting the kernel read-only data: 14336k
[   18.080237] Freeing unused kernel memory: 1744K
[   18.081076] Freeing unused kernel memory: 108K
Loading, please wait...
starting version[   18.089902] random: systemd-udevd: uninitialized urandom read (16 bytes read, 2 bits of entropy available)
 229
[   18.090317] random: udevadm: uninitialized urandom read (16 bytes read, 2 bits of entropy available)
[   18.090329] random: udevadm: uninitialized urandom read (16 bytes read, 2 bits of entropy available)
[   18.095476] random: udevadm: uninitialized urandom read (16 bytes read, 2 bits of entropy available)
[   18.095533] random: udevadm: uninitialized urandom read (16 bytes read, 2 bits of entropy available)
[   18.095616] random: udevadm: uninitialized urandom read (16 bytes read, 2 bits of entropy available)
[   18.095645] random: udevadm: uninitialized urandom read (16 bytes read, 2 bits of entropy available)
[   18.095672] random: udevadm: uninitialized urandom read (16 bytes read, 2 bits of entropy available)
[   18.095699] random: udevadm: uninitialized urandom read (16 bytes read, 2 bits of entropy available)
[   18.095726] random: udevadm: uninitialized urandom read (16 bytes read, 2 bits of entropy available)
[   18.349561] e1000: Intel(R) PRO/1000 Network Driver - version 7.3.21-k8-NAPI
[   18.364217] e1000: Copyright (c) 1999-2006 Intel Corporation.
[   18.397772] Fusion MPT base driver 3.04.20
[   18.403851] Copyright (c) 1999-2008 LSI Corporation
[   18.409471] Fusion MPT SPI Host driver 3.04.20
[   18.446504] AVX2 version of gcm_enc/dec engaged.
[   18.457882] AES CTR mode by8 optimization enabled
[   18.662039] input: ImExPS/2 Generic Explorer Mouse as /devices/platform/i8042/serio1/input/input4
[   18.779017] e1000 0000:00:03.0 eth0: (PCI:33MHz:32-bit) 02:63:8e:2c:ef:cd
[   18.871645] e1000 0000:00:03.0 eth0: Intel(R) PRO/1000 Network Connection
[   19.247709] e1000 0000:00:08.0 eth1: (PCI:33MHz:32-bit) 08:00:27:06:c5:6b
[   19.348171] e1000 0000:00:08.0 eth1: Intel(R) PRO/1000 Network Connection
[   19.350119] mptbase: ioc0: Initiating bringup
[   19.405683] e1000 0000:00:03.0 enp0s3: renamed from eth0
[   19.427901] e1000 0000:00:08.0 enp0s8: renamed from eth1
[   19.491543] ioc0: LSI53C1030 A0: Capabilities={Initiator}
[   20.812416] scsi host2: ioc0: LSI53C1030 A0, FwRev=00000000h, Ports=1, MaxQ=256, IRQ=20
[   22.381134] floppy0: no floppy controllers found
[   22.523963] scsi 2:0:0:0: Direct-Access     VBOX     HARDDISK         1.0  PQ: 0 ANSI: 5
[   22.627925] scsi target2:0:0: Beginning Domain Validation
[   22.695010] scsi target2:0:0: Domain Validation skipping write tests
[   22.724342] scsi target2:0:0: Ending Domain Validation
[   22.766771] scsi target2:0:0: asynchronous
[   22.829612] scsi 2:0:1:0: Direct-Access     VBOX     HARDDISK         1.0  PQ: 0 ANSI: 5
[   22.927775] scsi target2:0:1: Beginning Domain Validation
[   22.930065] scsi target2:0:1: Domain Validation skipping write tests
[   22.976345] scsi target2:0:1: Ending Domain Validation
[   22.977301] scsi target2:0:1: asynchronous
[   22.993177] sd 2:0:0:0: [sda] 20971520 512-byte logical blocks: (10.7 GB/10.0 GiB)
[   23.022477] sd 2:0:0:0: Attached scsi generic sg0 type 0
[   23.025597] sd 2:0:0:0: [sda] Write Protect is off
[   23.025749] sd 2:0:1:0: Attached scsi generic sg1 type 0
[   23.235376] sd 2:0:1:0: [sdb] 20480 512-byte logical blocks: (10.5 MB/10.0 MiB)
[   23.240002] sd 2:0:0:0: [sda] Incomplete mode parameter data
[   23.240003] sd 2:0:0:0: [sda] Assuming drive cache: write through
[   23.336904]  sda: sda1
[   23.337474] sd 2:0:0:0: [sda] Attached SCSI disk
[   23.452249] sd 2:0:1:0: [sdb] Write Protect is off
[   23.486795] sd 2:0:1:0: [sdb] Incomplete mode parameter data
[   23.493903] sd 2:0:1:0: [sdb] Assuming drive cache: write through
[   23.526480] sd 2:0:1:0: [sdb] Attached SCSI disk
Begin: Loading e[   24.812738] md: linear personality registered for level -1
ssential drivers[   24.871519] md: multipath personality registered for level -4
 ... [   24.986430] md: raid0 personality registered for level 0
[   25.071632] md: raid1 personality registered for level 1
[   25.163679] raid6: sse2x1   gen() 11057 MB/s
[   25.279323] raid6: sse2x1   xor()  8725 MB/s
[   25.355468] raid6: sse2x2   gen() 13748 MB/s
[   25.443727] raid6: sse2x2   xor()  9136 MB/s
[   25.511565] raid6: sse2x4   gen() 16065 MB/s
[   25.643628] raid6: sse2x4   xor() 10279 MB/s
[   25.735700] raid6: avx2x1   gen() 22005 MB/s
[   25.871345] raid6: avx2x2   gen() 23833 MB/s
[   25.947398] raid6: avx2x4   gen() 28253 MB/s
[   26.003261] raid6: using algorithm avx2x4 gen() 28253 MB/s
[   26.070382] raid6: using avx2x2 recovery algorithm
[   26.173429] xor: automatically using best checksumming function:
[   26.284108]    avx       : 21954.000 MB/sec
[   26.289042] async_tx: api initialized (async)
[   26.305025] md: raid6 personality registered for level 6
[   26.318923] md: raid5 personality registered for level 5
[   26.329169] md: raid4 personality registered for level 4
[   26.345098] md: raid10 personality registered for level 10
done.
Begin: Running /scripts/init-premount ... done.
Begin: Mounting root file system ... Begin: Running /scripts/local-top ... done.
Begin: Running /scripts/local-premount ... [   26.371700] Btrfs loaded
Scanning for Btrfs filesystems
done.
Warning: fsck not present, so skipping root file system
[   26.659185] EXT4-fs (sda1): mounted filesystem with ordered data mode. Opts: (null)
done.
Begin: Running /scripts/local-bottom ... done.
Begin: Running /scripts/init-bottom ... done.
[   26.865472] systemd[1]: systemd 229 running in system mode. (+PAM +AUDIT +SELINUX +IMA +APPARMOR +SMACK +SYSVINIT +UTMP +LIBCRYPTSETUP +GCRYPT +GNUTLS +ACL +XZ -LZ4 +SECCOMP +BLKID +ELFUTILS +KMOD -IDN)
[   27.247505] systemd[1]: Detected virtualization oracle.
[   27.321207] systemd[1]: Detected architecture x86-64.

Welcome to [1mUbuntu 16.04.3 LTS[0m!

[   27.400196] systemd[1]: Set hostname to <ubuntu>.
[   27.530440] systemd[1]: Initializing machine ID from random generator.
[   27.656425] systemd[1]: Installed transient /etc/machine-id file.
[   27.963173] systemd[1]: Reached target User and Group Name Lookups.
[[0;32m  OK  [0m] Reached target User and Group Name Lookups.
[   28.131444] systemd[1]: Listening on Syslog Socket.
[[0;32m  OK  [0m] Listening on Syslog Socket.
[   28.266196] systemd[1]: Reached target Swap.
[[0;32m  OK  [0m] Reached target Swap.
[   28.439442] systemd[1]: Started Forward Password Requests to Wall Directory Watch.
[[0;32m  OK  [0m] Started Forward Password Requests to Wall Directory Watch.
[   28.691456] systemd[1]: Listening on Device-mapper event daemon FIFOs.
[[0;32m  OK  [0m] Listening on Device-mapper event daemon FIFOs.
[   28.803587] systemd[1]: Reached target Encrypted Volumes.
[[0;32m  OK  [0m] Reached target Encrypted Volumes.
[   28.829310] systemd[1]: Listening on udev Kernel Socket.
[[0;32m  OK  [0m] Listening on udev Kernel Socket.
[   28.883509] systemd[1]: Set up automount Arbitrary Executable File Formats File System Automount Point.
[[0;32m  OK  [0m] Set up automount Arbitrary Executab...ats File System Automount Point.
[   28.932217] systemd[1]: Created slice System Slice.
[[0;32m  OK  [0m] Created slice System Slice.
[   28.950551] systemd[1]: Created slice system-serial\x2dgetty.slice.
[[0;32m  OK  [0m] Created slice system-serial\x2dgetty.slice.
[   29.177246] systemd[1]: Listening on Journal Socket.
[[0;32m  OK  [0m] Listening on Journal Socket.
[   29.367872] systemd[1]: Starting Load Kernel Modules...
[   29.368677] random: nonblocking pool is initialized
[   29.471759] Ldig CSI transport class v2.0-870.

         Starting Load Kernel Mo[   29.597158] iscsi: registered transport (tcp)
dules...
[   29.667618] systemd[1]: Starting Set console keymap...
         Starting Set console keymap...
[   29.675110] systemd[1]: Mounting Huge Pages File System...
         Mounting Huge Pages File System...
[   29.751753] systemd[1]: Starting Create list of required static device nodes for the current kernel...
         Starting Create list of required st... nodes for the current kernel...
[   29.828333] systemd[1]: Starting Remount Root and Kernel File Systems...
         Starting Remount Root and Kernel File Systems...
[   29.835999] EXT4-fs (sda1): re-mounted. Opts: (null)
[   29.848621] systemd[1]: Listening on LVM2 metadata daemon socket.
[[0;32m  OK  [0m] Listening on[   29.886855] iscsi: registered transport (iser)
 LVM2 metadata daemon socket.
[   29.935568] systemd[1]: Listening on /dev/initctl Compatibility Named Pipe.
[[0;32m  OK  [0m] Listening on /dev/initctl Compatibility Named Pipe.
[   29.979371] systemd[1]: Starting Monitoring of LVM2 mirrors, snapshots etc. using dmeventd or progress polling...
         Starting Monitoring of LVM2 mirrors... dmeventd or progress polling...
[   30.227670] systemd[1]: Starting Uncomplicated firewall...
         Starting Uncomplicated firewall...
[   30.308819] systemd[1]: Listening on Journal Audit Socket.
[[0;32m  OK  [0m] Listening on Journal Audit Socket.
[   30.451344] systemd[1]: Mounting POSIX Message Queue File System...
         Mounting POSIX Message Queue File System...
[   30.483537] systemd[1]: Started Trigger resolvconf update for networkd DNS.
[[0;32m  OK  [0m] Started Trigger resolvconf update for networkd DNS.
[   30.504351] systemd[1]: Listening on Journal Socket (/dev/log).
[[0;32m  OK  [0m] Listening on Journal Socket (/dev/log).
[   30.583681] systemd[1]: Starting Journal Service...
         Starting Journal Service...
[   30.672333] systemd[1]: Mounting Debug File System...
         Mounting Debug File System...
[   30.787471] systemd[1]: Listening on udev Control Socket.
[[0;32m  OK  [0m] Listening on udev Control Socket.
[   30.848005] systemd[1]: Listening on LVM2 poll daemon socket.
[[0;32m  OK  [0m] Listening on LVM2 poll daemon socket.
[   30.899878] systemd[1]: Created slice User and Session Slice.
[[0;32m  OK  [0m] Created slice User and Session Slice.
[   30.971670] systemd[1]: Reached target Slices.
[[0;32m  OK  [0m] Reached target Slices.
[   31.031619] systeed[1]: Starting Nameserver information manager...
         Starting Nameserver information manager...
[   31.196273] systemd[1]: Mounted POSIX Message Queue File System.
[[0;32m  OK  [0m] Mounted POSIX Message Queue File System.
[   31.275957] systemd[1]: Mounted Debug File System.
[[0;32m  OK  [0m] Mounted Debug File System.
[   31.343859] systemd[1]: Mounted Huge Pages File System.
[[0;32m  OK  [0m] Mounted Huge Pages File System.
[   31.459795] systemd[1]: Started Journal Service.
[[0;32m  OK  [0m] Started Journal Service.
[[0;32m  OK  [0m] Started Load Kernel Modules.
[[0;32m  OK  [0m] Started Set console keymap.
[[0;32m  OK  [0m] Started Create list of required sta...ce nodes for the current kernel.
[[0;32m  OK  [0m] Started Remount Root and Kernel File Systems.
[[0;32m  OK  [0m] Started Uncomplicated firewall.
[[0;32m  OK  [0m] Started Nameserver information manager.
[[0;32m  OK  [0m] Started LVM2 metadata daemon.
         Starting udev Coldplug all Devices...
         Starting Initial cloud-init job (pre-networking)...
         Starting Load/Save Random Seed...
         Starting Create Static Device Nodes in /dev...
         Mounting FUSE Control File System...
         Starting Apply Kernel Variables...
         Starting Flush Journal to Persistent Storage...
[[0;32m  OK  [0m] Mounted FUSE Control File System.
[[0;32m  OK  [0m] Started Monitoring of LVM2 mirrors,...ng dmeventd or progress polling.
[[0;32m  OK  [0m] Started Load/Save Random Seed.
[[0;32m  OK  [0m] Started Create Static Device Nodes in /dev.
[[0;32m  OK  [0m] Started Apply Kernel Variables.
[[0;32m  OK  [0m] Started udev Coldplug all Devices.
         Starting udev Kernel Device Manager...
[[0;32m  OK  [0m] Started Flush Journal to Persistent Storage.
[[0;32m  OK  [0m] Started udev Kernel Device Manager.
[[0;32m  OK  [0m] Started Dispatch Password Requests to Console Directory Watch.
[[0;32m  OK  [0m] Reached target Local File Systems (Pre).
[[0;32m  OK  [0m] Reached target Local File Systems.
         Starting Tell Plymouth To Write Out Runtime Data...
         Starting LSB: AppArmor initialization...
         Starting Commit a transient machine-id on disk...
         Starting Set console font and keymap...
         Starting Create Volatile Files and Directories...
[[0;32m  OK  [0m] Started Tell Plymouth To Write Out Runtime Data.
[[0;32m  OK  [0m] Started Commit a transient machine-id on disk.
[[0;32m  OK  [0m] Started Create Volatile Files and Directories.
[   22.838986] cloud-init[443]: Cloud-init v. 17.1 running 'init-local' at Sat, 24 Feb 2018 12:15:03 +0000. Up 22.42 seconds.
[[0;32m  OK  [0m] Found device /dev/ttyS0.
[[0;32m  OK  [0m] Started Set console font and keymap.
[[0;32m  OK  [0m] Started Initial cloud-init job (pre-networking).
[[0;32m  OK  [0m] Reached target Network (Pre).
[[0;32m  OK  [0m] Created slice system-getty.slice.
[[0;32m  OK  [0m] Listening on Load/Save RF Kill Switch Status /dev/rfkill Watch.
         Starting Update UTMP about System Boot/Shutdown...
[[0;32m  OK  [0m] Reached target System Time Synchronized.
[[0;32m  OK  [0m] Started Update UTMP about System Boot/Shutdown.
[[0;32m  OK  [0m] Started LSB: AppArmor initialization.
         Starting Raise network interfaces...
[[0;32m  OK  [0m] Started Raise network interfaces.
         Starting Initial cloud-init job (metadata service crawler)...
[[0;32m  OK  [0m] Reached target Network.
[   26.346282] cloud-init[944]: Cloud-init v. 17.1 running 'init' at Sat, 24 Feb 2018 12:15:06 +0000. Up 25.79 seconds.
[   26.432472] [[0;32m  OK  [0m] Started Initial cloud-init job (metadata service crawler).
cloud-init[944]: ci-info: ++++++++++++++++++++++++++++++++++++++Net device info++++++++++++++++++++++++++++++++++++++
[   26.648372] [cloud-init[0;32m  OK  [0m[944]: ] ci-info: +--------+-------+----------------------------+---------------+-------+-------------------+Reached target Cloud-config availability.

[[0;32m  OK  [0m] Reached target System Initialization.
[   26.648822] cloud-init[944]: ci-info: | Device |   Up  |          Address           |      Mask     | Scope |     Hw-Address    |
[   27.047581] [cloud-init[944]: [0;32m  OK  [0mci-info: +--------+-------+----------------------------+---------------+-------+-------------------+] 
Started ACPI Events Check.
[[0;32m  OK  [0m] Reached target Paths.
[   27.047952] cloud-init[944]: ci-info: | enp0s3 |  True |         10.0.2.15          | 255.255.255.0 |   .   | 02:63:8e:2c:ef:cd |
[   27.429484]          cloud-initStarting Socket activation for snappy daemon.[944]: 
ci-info: | enp0s3 |  True | fe80::63:8eff:fe2c:efcd/64 |       .       |  link | 02:63:8e:2c:ef:cd |
[   27.680498]          cloud-initStarting LXD - unix socket.[944]: 
ci-info: | enp0s8 | False |             .              |       .       |   .   | 08:00:27:06:c5:6b |
[   27.864610] [cloud-init[0;32m  OK  [0m[944]: ] ci-info: |   lo   |  True |         127.0.0.1          |   255.0.0.0   |   .   |         .         |Listening on ACPID Listen Socket.

[   28.062941] [cloud-init[0;32m  OK  [0m[944]: ] ci-info: |   lo   |  True |          ::1/128           |       .       |  host |         .         |Started Timer to automatically refresh installed snaps.

[[0;32m  OK  [0m] Started Daily Cleanup of Temporary Directories.
[[0;32m  OK  [0m] Listening on UUID daemon activation socket.
[   28.063385] cloud-init[944]: ci-info: +--------+-------+----------------------------+---------------+-------+-------------------+
[   28.612306] [cloud-init[0;32m  OK  [0m[944]: ] ci-info: +++++++++++++++++++++++++++Route IPv4 info++++++++++++++++++++++++++++Listening on D-Bus System Message Bus Socket.

[[0;32m  OK  [0m] Reached target Network is Online.
[[0;32m  OK  [0m] Started Daily apt download activities.
[   28.612676] cloud-init[944]: ci-info: +-------+-------------+----------+---------------+-----------+-------+
[   29.040464] [cloud-init[0;32m  OK  [0m[944]: ] ci-info: | Route | Destination | Gateway  |    Genmask    | Interface | Flags |Started Daily apt upgrade and clean activities.

[[0;32m  OK  [0m] Reached target Timers.
[   29.040828] cloud-init[944]: ci-info: +-------+-------------+----------+---------------+-----------+-------+
[   29.304400]          cloud-initStarting iSCSI initiator daemon (iscsid)...[944]: 
ci-info: |   0   |   0.0.0.0   | 10.0.2.2 |    0.0.0.0    |   enp0s3  |   UG  |
[   29.504535] [cloud-init[0;32m  OK  [0m[944]: ] ci-info: |   1   |   10.0.2.0  | 0.0.0.0  | 255.255.255.0 |   enp0s3  |   U   |Listening on Socket activation for snappy daemon.

[[0;32m  OK  [0m] Listening on LXD - unix socket.
[   29.505260] cloud-init[944]: ci-info: +-------+-------------+----------+---------------+-----------+-------+
[[0;32m  OK  [0m] Reached target Sockets.
[[0;32m  OK  [0m] Reached target Basic System.
[   29.832697] cloud-init[944]: Generating public/private rsa key pair.
[   29.864950]          cloud-initStarting Accounts Service...[944]: 
Your identification has been saved in /etc/ssh/ssh_host_rsa_key.
[   29.888653] cloud-init[944]: Your public key has been saved in /etc/ssh/ssh_host_rsa_key.pub.
         Starting LSB: Record successful boot for GRUB...
[   29.946607] cloud-init[944]: The key fingerprint is:
         Starting LXD - container startup/shutdown...
[[0;32m  OK  [0m] Started Unattended Upgrades Shutdown.
[   30.043753] cloud-init[944]: SHA256:DuOrv+X60p4r/0QXewEAdjiDBVKd9lSfZGnR6wJldeE root@ubuntu-xenial
[   30.184221] cloud-init[944]: The key's randomart image is:
[   30.232197] cloud-init[944]: +---[RSA 2048]----+
[   30.268500] cloud-init[944]: |    ..o=++ooo =*o|
[[  30.328497] cloud-init[944]: |     ...B..  B+.o|
[   30.374244] [[0;32m  OK  [0m] Started FUSE filesystem for LXC.
cloud-init[944]: |       . =  +.+E.|
[   30.456298]          cloud-initStarting Apply the settings specified in cloud-config...[944]: 
|          .. o o |
[   30.476360] [cloud-init[0;32m  OK  [0m[944]: ] |      o S . + o  |Started D-Bus System Message Bus.

[   30.476694] cloud-init[944]: |     . + . . o . |
[   30.564367] cloud-init[944]: |      ..o .   .  |
[   30.612408] cloud-init[944]: |      o+.o       |
[   30.682484] cloud-init[944]: |    .o=OBo.      |
[   30.756428] cloud-init[944]: +----[SHA256]-----+
[   30.812246]          cloud-initStarting LSB: MD monitoring daemon...[944]: 
Generating public/private dsa key pair.
[   30.896237] [cloud-init[0;32m  OK  [0m[944]: ] Your identification has been saved in /etc/ssh/ssh_host_dsa_key.Started Regular background program processing daemon.

[   30.896614] cloud-init[944]: Your public key has been saved in /etc/ssh/ssh_host_dsa_key.pub.
[   31.089093]          cloud-initStarting /etc/rc.local Compatibility...[944]: 
The key fingerprint is:
[   31.105034]          cloud-initStarting System Logging Service...[944]: 
SHA256:j2kgoRHFPh8CyfKZxl85lhhwwgSfkJe5eGhfuSQQgyA root@ubuntu-xenial
[   31.158252]          cloud-initStarting Pollinate to seed the pseudo random number generator...[944]: 
The key's randomart image is:
[[0;32m  OK  [0m] Started Deferred execution scheduler.
[   31.191610] cloud-init[944]: +---[DSA 1024]----+
[   31.209384] cloud-init[944]: |EO*Bo            |
[   31.210052] cloud-init[944]: |=+X=o            |
[   31.213005] cloud-init[944]: | B=*.o.o         |
[   31.219348] cloud-init[944]: |o.O+==B          |
[   31.240455] [cloud-init[0;32m  OK  [0m[944]: ] |.oo.=*ooS        |Started ACPI event daemon.

[   31.240774] cloud-init[944]: |   ..o.. +       |
[   31.320359]          cloud-initStarting Login Service...[944]: 
|        + .      |
         Starting Snappy daemon...
[[0;32m  OK  [0m] Started System Logging Service.
[[   31.418702] cloud-init[944]: |       .         |
[   31.513174] cloud-init[944]: |                 |
[0;32m  OK  [0m] Started iSCSI initiator daemon (iscsid).
[   31.513239] cloud-init[944]: +----[SHA256]-----+
[   31.688236] cloud-init[944]: Generating public/private ecdsa key pair.
[   31.688474] cloud-init[944]: Your identification has been saved in /etc/ssh/ssh_host_ecdsa_key.
[[0;32m  OK  [0m] Started LXD - container startup/shutdown.
[[0;32m  OK  [0m] Started /etc/rc.local Compatibility.
[   31.688545] cloud-init[944]: Your public key has been saved in /etc/ssh/ssh_host_ecdsa_key.pub.
[   31.872260] cloud-init[944]: The key fingerprint is:
[   31.886667] cloud-init[944]: SHA256:9le8OgmQfH1s09R0K/KMxyoNzVfZkSyVfoDaN/K/21I root@ubuntu-xenial
[[0;32m  OK  [0m] Started LSB: Record successful boot for GRUB.
[[0;32m  OK  [0m] Started LSB: MD monitoring daemon.
[   31.951105] cloud-init[944]: The key's randomart image is:
[   32.009920]          cloud-initStarting Authenticate and Authorize Users to Run Privileged Tasks...[944]: 
+---[ECDSA 256]---+
         Starting Login to default iSCSI targets...
[   32.048609] cloud-init[944]: |             .o+*|
[   32.092825] [cloud-init[0;32m  OK  [0m[944]: ] |            ...+O|Started Login Service.

[   32.093321] cloud-init[944]: |       . . = ooB.|
[   32.168459] cloud-init[944]: |        + = X.X.o|
[   32.196706] cloud-init[944]: |        S+ + %oo.|
[[0;32m  OK  [0m] Started Pollinate to seed the pseudo random number generator.
[   32.211478] [cloud-init[0;32m  OK  [0m[944]: ] |       . .+ +...E|Started Login to default iSCSI targets.

[   32.280242] [cloud-init[0;32m  OK  [0m[944]: ] |         ..+...o |Started Authenticate and Authorize Users to Run Privileged Tasks.

[[0;32m  OK  [0m] Started Snappy daemon.
[   32.280582] cloud-init[944]: |          ..o.. o|
[[0;32m  OK  [0m] Started Accounts Service.
[   32.424161] cloud-init[944]: |            .. ++|
[   32.464481] [cloud-init[0;32m  OK  [0m[944]: ] +----[SHA256]-----+Reached target Remote File Systems (Pre).

[[0;32m  OK  [0m] Reached target Remote File Systems.
[   32.464897] cloud-init[944]: Generating public/private ed25519 key pair.
[   32.520369]          cloud-initStarting LSB: Set the CPU Frequency Scaling governor to "ondemand"...[944]: 
Your identification has been saved in /etc/ssh/ssh_host_ed25519_key.
[   32.714762]          cloud-initStarting LSB: daemon to balance interrupts for SMP systems...[944]: 
Your public key has been saved in /etc/ssh/ssh_host_ed25519_key.pub.
[   32.858053]          cloud-initStarting LSB: automatic crash report generation...[944]: 
The key fingerprint is:
[   32.956496]          cloud-init[944]: Starting LSB: VirtualBox Linux Additions...SHA256:VoZ9dpGcGSO3fOHNS2Tk6tkF9A4kHxaRV+et7+XoJTU root@ubuntu-xenial

[   32.956751] cloud-init[944]: The key's randomart image is:
[   33.092436]          Starting Permit User Sessions...
cloud-init[944]: +--[ED25519 256]--+
[   33.108600]          cloud-initStarting OpenBSD Secure Shell server...[944]: 
|            o.&&+|
[   33.125528] [cloud-init[0;32m  OK  [0m[944]: ] |         o   X@O*|Started OpenBSD Secure Shell server.

[   33.125845] [cloud-init[0;32m  OK  [0m[944]: ] |        . + o B=B|Started Permit User Sessions.

[   33.169183] cloud-init[944]: |         o o .o*.|
[   33.180124] cloud-init[944]: |        S    ..E+|
[   33.196562] cloud-init[944]: |       .    . ooo|
[   33.196755] cloud-init[944]: |             o..+|
[[0;32m  OK  [0m] Started LSB: Set the CPU Frequency Scaling governor to "ondemand".
[   33.196852] cloud-init[944]: |               *.|
[[0;32m  OK  [0m] Started LSB: daemon to balance interrupts for SMP systems.
[   33.339781] cloud-init[944]: |             .o o|
[   33.444296]          cloud-initStopping OpenBSD Secure Shell server...[944]: 
+----[SHA256]-----+
         Starting Terminate Plymouth Boot Screen...
         Starting Hold until boot process finishes up...
[[0;32m  OK  [0m] Started LSB: automatic crash report generation.
[   33.459992] cloud-init[1063]: Generating locales (this might take a while)...
[   33.599618] [cloud-init[0;32m  OK  [0m[1063]: ]   en_US.UTF-8... doneStopped OpenBSD Secure Shell server.

[[0;32m  OK  [0m] Started LSB: VirtualBox Linux Additions.
[   33.599920] cloud-init[1063]: Generation complete.
[[0;32m  OK  [0m] Started Terminate Plymouth Boot Screen.
[[0;32m  OK  [0m] Started Hold until boot process finishes up.
[[0;32m  OK  [0m] Started Getty on tty1.
         Starting Set console scheme...
[[0;32m  OK  [0m] Started Serial Getty on ttyS0.
[[0;32m  OK  [0m] Reached target Login Prompts.
         Starting OpenBSD Secure Shell server...
[[0;32m  OK  [0m] Started OpenBSD Secure Shell server.
[[0;32m  OK  [0m] Started Set console scheme.
[[0;32m  OK  [0m] Created slice User Slice of ubuntu.
         Starting User Manager for UID 1000...
[[0;32m  OK  [0m] Reached target Multi-User System.
[[0;32m  OK  [0m] Reached target Graphical Interface.
         Starting Update UTMP about System Runlevel Changes...
[[0;32m  OK  [0m] Started User Manager for UID 1000.
[[0;32m  OK  [0m] Started Update UTMP about System Runlevel Changes.
[[0;32m  OK  [0m] Started Session 1 of user ubuntu.
[   35.474867] cloud-init[1063]: Cloud-init v. 17.1 running 'modules:config' at Sat, 24 Feb 2018 12:15:11 +0000. Up 30.59 seconds.
[[0;32m  OK  [0m] Started Apply the settings specified in cloud-config.
         Starting Execute cloud user/final scripts...
ci-info: no authorized ssh keys fingerprints found for user ubuntu.
<14>Feb 24 12:15:17 ec2: 
<14>Feb 24 12:15:17 ec2: #############################################################
<14>Feb 24 12:15:17 ec2: -----BEGIN SSH HOST KEY FINGERPRINTS-----
<14>Feb 24 12:15:17 ec2: 1024 SHA256:j2kgoRHFPh8CyfKZxl85lhhwwgSfkJe5eGhfuSQQgyA root@ubuntu-xenial (DSA)
<14>Feb 24 12:15:17 ec2: 256 SHA256:9le8OgmQfH1s09R0K/KMxyoNzVfZkSyVfoDaN/K/21I root@ubuntu-xenial (ECDSA)
<14>Feb 24 12:15:17 ec2: 256 SHA256:VoZ9dpGcGSO3fOHNS2Tk6tkF9A4kHxaRV+et7+XoJTU root@ubuntu-xenial (ED25519)
<14>Feb 24 12:15:17 ec2: 2048 SHA256:DuOrv+X60p4r/0QXewEAdjiDBVKd9lSfZGnR6wJldeE root@ubuntu-xenial (RSA)
<14>Feb 24 12:15:17 ec2: -----END SSH HOST KEY FINGERPRINTS-----
<14>Feb 24 12:15:17 ec2: #############################################################
-----BEGIN SSH HOST KEY KEYS-----
ecdsa-sha2-nistp256 AAAAE2VjZHNhLXNoYTItbmlzdHAyNTYAAAAIbmlzdHAyNTYAAABBBCKHJhLUQ06S62n+50VrGDarN0wdmiMjgI30HWnVl76Hj3rpbrPqL0X5J+2Jrydg1VWY5z2Ii+jbKOsgtW5b2BA= root@ubuntu-xenial
ssh-ed25519 AAAAC3NzaC1lZDI1NTE5AAAAIK1TEHHx6uL/4SV2RhJ5L7gVDO9Sg5UNyC60n4G9QhYd root@ubuntu-xenial
ssh-rsa AAAAB3NzaC1yc2EAAAADAQABAAABAQDOA9fbXJLB+37wp6KhAYpQwnKAecGQpsGvTtPWxsPW0mGkRNAmNoq0flF7Oa+NIpYSw1DkejRMWATYeMYBGgvI4s2ywIq2o0P7R5MWZPowJfUcXId9eTtJYfjjoLHrjEfzI27GUWQjfcvt5QC16G/6rydSAFfXIBeWBwnxnYcAjB68GBlOTaFy7b7JsdLrCZZpmVDQCTBLmE5wbYxQswwgzONPelbrJPpEdQ6MVO1dBLebUydyUEDlyZZ+97WMR3Ym8HAiduB1VDzTIFbtJ9WVGmO+vmTBtbd6oX1rwsSURnzY8Tm6jFHAZh7SEXWPnCaN/8dfh9ChQmzq/cHtaSR3 root@ubuntu-xenial
-----END SSH HOST KEY KEYS-----
[   36.575092] cloud-init[1334]: Cloud-init v. 17.1 running 'modules:final' at Sat, 24 Feb 2018 12:15:16 +0000. Up 35.80 seconds.
[   36.612378] cloud-init[1334]: ci-info: no authorized ssh keys fingerprints found for user ubuntu.
[   36.631882] cloud-init[1334]: Cloud-init v. 17.1 finished at Sat, 24 Feb 2018 12:15:17 +0000. Datasource DataSourceNoCloud [seed=/dev/sdb][dsmode=net].  Up 36.57 seconds
[[0;32m  OK  [0m] Started Execute cloud user/final scripts.
[[0;32m  OK  [0m] Reached target Cloud-init target.

Ubuntu 16.04.3 LTS ubuntu-xenial ttyS0

ubuntu-xenial login: [[0;32m  OK  [0m] Closed Lo/[[0;32m  OK  [0m] Stopped Timer to automatically refresh installed snaps.
[[0;32m  OK  [0m] Stopped Daily apt upgrade and clean activities.
[[0;32m  OK  [0m] Stopped Daily apt download activities.
[[0;32m  OK  [0m] Stopped target System Time Synchronized.
[[0;32m  OK  [0m] Stopped Daily Cleanup of Temporary Directories.
         Stopping Accounts Service...
         Stopping Authenticate and Authorize Users to Run Privileged Tasks...
[[0;32m  OK  [0m] Unmounted /var/lib/lxcfs.
[[0;32m  OK  [0m] Stopped Accounts Service.
[[0;32m  OK  [0m] Stopped Regular background program processing daemon.
[[0;32m  OK  [0m] Stopped System Logging Service.
[[0;32m  OK  [0m] Stopped Deferred execution scheduler.
[[0;32m  OK  [0m] Stopped ACPI event daemon.
[[0;32m  OK  [0m] Stopped Snappy daemon.
[[0;32m  OK  [0m] Stopped Authenticate and Authorize Users to Run Privileged Tasks.
[[0;32m  OK  [0m] Stopped Getty on tty1.
[[0;32m  OK  [0m] Stopped Serial Getty on ttyS0.
[[0;32m  OK  [0m] Stopped OpenBSD Secure Shell server.
[[0;32m  OK  [0m] Stopped User Manager for UID 1000.
[[0;32m  OK  [0m] Stopped Session 6 of user ubuntu.
[[0;32m  OK  [0m] Stopped Unattended Upgrades Shutdown.
[[0;32m  OK  [0m] Stopped D-Bus System Message Bus.
[[0;32m  OK  [0m] Stopped FUSE filesystem for LXC.
[[0;32m  OK  [0m] Stopped LSB: MD monitoring daemon.
[[0;32m  OK  [0m] Stopped LSB: automatic crash report generation.
[[0;32m  OK  [0m] Stopped LSB: Set the CPU Frequency Scaling governor to "ondemand".
[[0;32m  OK  [0m] Stopped LSB: daemon to balance interrupts for SMP systems.
[[0;32m  OK  [0m] Stopped LSB: Record successful boot for GRUB.
[[0;32m  OK  [0m] Stopped LSB: VirtualBox Linux Additions.
[[0;32m  OK  [0m] Stopped LXD - container startup/shutdown.
[[0;32m  OK  [0m] Removed slice User Slice of ubuntu.
         Stopping Login Service...
[[0;32m  OK  [0m] Removed slice system-serial\x2dgetty.slice.
[[0;32m  OK  [0m] Stopped /etc/rc.local Compatibility.
[[0;32m  OK  [0m] Removed slice system-getty.slice.
         Stopping Permit User Sessions...
[[0;32m  OK  [0m] Stopped Login Service.
[[0;32m  OK  [0m] Stopped Permit User Sessions.
[[0;32m  OK  [0m] Stopped target Remote File Systems.
[[0;32m  OK  [0m] Stopped target Remote File Systems (Pre).
         Stopping Login to default iSCSI targets...
[[0;32m  OK  [0m] Stopped target Basic System.
[[0;32m  OK  [0m] Stopped target Paths.
[[0;32m  OK  [0m] Stopped Forward Password Requests to Wall Directory Watch.
[[0;32m  OK  [0m] Stopped Dispatch Password Requests to Console Directory Watch.
[[0;32m  OK  [0m] Stopped ACPI Events Check.
[[0;32m  OK  [0m] Stopped target Sockets.
[[0;32m  OK  [0m] Closed Socket activation for snappy daemon.
[[0;32m  OK  [0m] Closed ACPID Listen Socket.
[[0;32m  OK  [0m] Closed LXD - unix socket.
[[0;32m  OK  [0m] Closed Syslog Socket.
[[0;32m  OK  [0m] Closed UUID daemon activation socket.
[[0;32m  OK  [0m] Closed D-Bus System Message Bus Socket.
[[0;32m  OK  [0m] Stopped target System Initialization.
[[0;32m  OK  [0m] Stopped Commit a transient machine-id on disk.
[[0;32m  OK  [0m] Stopped target Encrypted Volumes.
         Stopping Load/Save Random Seed...
         Stopping Update UTMP about System Boot/Shutdown...
[[0;32m  OK  [0m] Stopped target Swap.
[[0;32m  OK  [0m] Stopped target Slices.
[[0;32m  OK  [0m] Removed slice User and Session Slice.
[[0;32m  OK  [0m] Stopped target User and Group Name Lookups.
[[0;32m  OK  [0m] Stopped Load/Save Random Seed.
[[0;32m  OK  [0m] Stopped Update UTMP about System Boot/Shutdown.
[[0;32m  OK  [0m] Stopped Login to default iSCSI targets.
         Stopping iSCSI initiator daemon (iscsid)...
[[0;32m  OK  [0m] Stopped Create Volatile Files and Directories.
[[0;32m  OK  [0m] Stopped iSCSI initiator daemon (iscsid).
[[0;32m  OK  [0m] Stopped target Network is Online.
[[0;32m  OK  [0m] Stopped Initial cloud-init job (metadata service crawler).
[[0;32m  OK  [0m] Stopped target Network.
         Stopping Raise network interfaces...
[[0;32m  OK  [0m] Stopped Raise network interfaces.
[[0;32m  OK  [0m] Stopped target Local File Systems.
         Unmounting /vagrant...
         Unmounting /var/www/html...
         Unmounting /run/user/1000...
[[0;32m  OK  [0m] Stopped target Network (Pre).
[[0;32m  OK  [0m] Stopped Initial cloud-init job (pre-networking).
[[0;32m  OK  [0m] Stopped Apply Kernel Variables.
[[0;32m  OK  [0m] Stopped Load Kernel Modules.
[[0;32m  OK  [0m] Unmounted /vagrant.
[[0;32m  OK  [0m] Unmounted /var/www/html.
[[0;32m  OK  [0m] Unmounted /run/user/1000.
[[0;32m  OK  [0m] Reached target Unmount All Filesystems.
[[0;32m  OK  [0m] Stopped target Local File Systems (Pre).
         Stopping Monitoring of LVM2 mirrors... dmeventd or progress polling...
[[0;32m  OK  [0m] Stopped Create Static Device Nodes in /dev.
[[0;32m  OK  [0m] Stopped Remount Root and Kernel File Systems.
[[0;32m  OK  [0m] Reached target Shutdown.
[  332353]eboo Perdown
